0 info it worked if it ends with ok
1 verbose cli [ 'node', '/usr/local/bin/npm', 'run', 'tsc' ]
2 info using npm@3.4.0
3 info using node@v0.12.5
4 verbose run-script [ 'pretsc', 'tsc', 'posttsc' ]
5 info lifecycle vlk@1.0.0~pretsc: vlk@1.0.0
6 silly lifecycle vlk@1.0.0~pretsc: no script for pretsc, continuing
7 info lifecycle vlk@1.0.0~tsc: vlk@1.0.0
8 verbose lifecycle vlk@1.0.0~tsc: unsafe-perm in lifecycle true
9 verbose lifecycle vlk@1.0.0~tsc: PATH: /usr/local/lib/node_modules/npm/bin/node-gyp-bin:/home/juno/git/vlk/node_modules/.bin:/home/juno/go_appengine:/home/juno/apache-maven/bin:/home/juno/go_appengine:/home/juno/apache-maven/bin:/home/juno/go_appengine:/home/juno/apache-maven/bin:/usr/local/sbin:/usr/local/bin:/usr/sbin:/usr/bin:/sbin:/bin:/usr/games:/usr/local/games:/usr/lib/jvm/java-8-oracle/bin:/usr/lib/jvm/java-8-oracle/db/bin:/usr/lib/jvm/java-8-oracle/jre/bin:/home/juno/bash_scripts:/home/juno/go/bin:/home/juno/bash_scripts:/home/juno/go/bin:/home/juno/bash_scripts:/home/juno/go/bin
10 verbose lifecycle vlk@1.0.0~tsc: CWD: /home/juno/git/vlk
11 silly lifecycle vlk@1.0.0~tsc: Args: [ '-c', 'tsc -p src -w' ]
12 silly lifecycle vlk@1.0.0~tsc: Returned: code: 1  signal: null
13 info lifecycle vlk@1.0.0~tsc: Failed to exec tsc script
14 verbose stack Error: vlk@1.0.0 tsc: `tsc -p src -w`
14 verbose stack Exit status 1
14 verbose stack     at EventEmitter.<anonymous> (/usr/local/lib/node_modules/npm/lib/utils/lifecycle.js:232:16)
14 verbose stack     at EventEmitter.emit (events.js:110:17)
14 verbose stack     at ChildProcess.<anonymous> (/usr/local/lib/node_modules/npm/lib/utils/spawn.js:24:14)
14 verbose stack     at ChildProcess.emit (events.js:110:17)
14 verbose stack     at maybeClose (child_process.js:1015:16)
14 verbose stack     at Process.ChildProcess._handle.onexit (child_process.js:1087:5)
15 verbose pkgid vlk@1.0.0
16 verbose cwd /home/juno/git/vlk
17 error Linux 3.14.1-031401-generic
18 error argv "node" "/usr/local/bin/npm" "run" "tsc"
19 error node v0.12.5
20 error npm  v3.4.0
21 error code ELIFECYCLE
22 error vlk@1.0.0 tsc: `tsc -p src -w`
22 error Exit status 1
23 error Failed at the vlk@1.0.0 tsc script 'tsc -p src -w'.
23 error Make sure you have the latest version of node.js and npm installed.
23 error If you do, this is most likely a problem with the vlk package,
23 error not with npm itself.
23 error Tell the author that this fails on your system:
23 error     tsc -p src -w
23 error You can get their info via:
23 error     npm owner ls vlk
23 error There is likely additional logging output above.
24 verbose exit [ 1, true ]
